app/build/intermediates/manifest_merge_blame_file/debug/manifest-merger-blame-debug-report.txt
1<?xml version="1.0" encoding="utf-8"?>
2<!--
3Copyright (c) 2014 Laird Technologies. All Rights Reserved.
4  
5The information contained herein is property of Laird Technologies.
6Licensees are granted free, non-transferable use of the information. NO WARRANTY of ANY KIND is provided. 
7This heading must NOT be removed from the file.
8-->
9<manifest xmlns:android="http://schemas.android.com/apk/res/android"
10    package="com.lairdtech.lairdtoolkit"
11    android:versionCode="13"
12    android:versionName="4.18.1.13" >
13
14    <uses-sdk
15        android:minSdkVersion="26"
15-->src\main\AndroidManifest.xml
16        android:targetSdkVersion="30" />
16-->src\main\AndroidManifest.xml
17
18    <uses-feature
18-->src\main\AndroidManifest.xml:16:5-18:36
19        android:name="android.hardware.bluetooth_le"
19-->src\main\AndroidManifest.xml:17:9-53
20        android:required="false" />
20-->src\main\AndroidManifest.xml:18:9-33
21
22    <uses-permission android:name="android.permission.BLUETOOTH" />
22-->src\main\AndroidManifest.xml:20:5-68
22-->src\main\AndroidManifest.xml:20:22-65
23    <uses-permission android:name="android.permission.BLUETOOTH_ADMIN" />
23-->src\main\AndroidManifest.xml:21:5-74
23-->src\main\AndroidManifest.xml:21:22-71
24    <uses-permission android:name="android.permission.READ_EXTERNAL_STORAGE" />
24-->src\main\AndroidManifest.xml:22:5-80
24-->src\main\AndroidManifest.xml:22:22-77
25
26    <application
26-->src\main\AndroidManifest.xml:24:5-137:19
27        android:allowBackup="true"
27-->src\main\AndroidManifest.xml:25:9-35
28        android:appComponentFactory="androidx.core.app.CoreComponentFactory"
28-->[androidx.core:core:1.0.0] AndroidManifest.xml:22:18-86
29        android:debuggable="true"
30        android:extractNativeLibs="false"
31        android:icon="@drawable/ic_launcher"
31-->src\main\AndroidManifest.xml:26:9-45
32        android:label="@string/app_name"
32-->src\main\AndroidManifest.xml:27:9-41
33        android:testOnly="true"
34        android:theme="@style/AppTheme" >
34-->src\main\AndroidManifest.xml:28:9-40
35        <activity
35-->src\main\AndroidManifest.xml:30:9-39:20
36            android:name="com.lairdtech.lairdtoolkit.HomeActivity"
36-->src\main\AndroidManifest.xml:31:13-41
37            android:label="@string/app_name"
37-->src\main\AndroidManifest.xml:32:13-45
38            android:screenOrientation="portrait" >
38-->src\main\AndroidManifest.xml:33:13-49
39            <intent-filter>
39-->src\main\AndroidManifest.xml:34:13-38:29
40                <action android:name="android.intent.action.MAIN" />
40-->src\main\AndroidManifest.xml:35:17-69
40-->src\main\AndroidManifest.xml:35:25-66
41
42                <category android:name="android.intent.category.LAUNCHER" />
42-->src\main\AndroidManifest.xml:37:17-77
42-->src\main\AndroidManifest.xml:37:27-74
43            </intent-filter>
44        </activity>
45
46        <!--
47        ****************************
48        * Settings
49        ****************************
50        -->
51        <activity
51-->src\main\AndroidManifest.xml:47:9-51:20
52            android:name="com.lairdtech.lairdtoolkit.SettingsActivity"
52-->src\main\AndroidManifest.xml:48:13-71
53            android:label="@string/title_activity_settings"
53-->src\main\AndroidManifest.xml:49:13-60
54            android:screenOrientation="portrait" >
54-->src\main\AndroidManifest.xml:50:13-49
55        </activity>
56
57        <!--
58        ****************************
59        * BLE functionalities
60        ****************************
61        -->
62        <activity
62-->src\main\AndroidManifest.xml:59:9-63:20
63            android:name="com.lairdtech.lairdtoolkit.healththermometerdevice.ThermometerActivity"
63-->src\main\AndroidManifest.xml:60:13-98
64            android:label="@string/title_activity_thermometer"
64-->src\main\AndroidManifest.xml:61:13-63
65            android:screenOrientation="portrait" >
65-->src\main\AndroidManifest.xml:62:13-49
66        </activity>
67        <activity
67-->src\main\AndroidManifest.xml:65:9-69:20
68            android:name="com.lairdtech.lairdtoolkit.heartratedevice.HeartRateActivity"
68-->src\main\AndroidManifest.xml:66:13-88
69            android:label="@string/title_activity_heart_rate"
69-->src\main\AndroidManifest.xml:67:13-62
70            android:screenOrientation="portrait" >
70-->src\main\AndroidManifest.xml:68:13-49
71        </activity>
72        <activity
72-->src\main\AndroidManifest.xml:71:9-75:20
73            android:name="com.lairdtech.lairdtoolkit.bloodpressuredevice.BloodPressureActivity"
73-->src\main\AndroidManifest.xml:72:13-96
74            android:label="@string/title_activity_blood_pressure"
74-->src\main\AndroidManifest.xml:73:13-66
75            android:screenOrientation="portrait" >
75-->src\main\AndroidManifest.xml:74:13-49
76        </activity>
77        <activity
77-->src\main\AndroidManifest.xml:77:9-81:20
78            android:name="com.lairdtech.lairdtoolkit.proximitydevice.ProximityActivity"
78-->src\main\AndroidManifest.xml:78:13-88
79            android:label="@string/title_activity_proximity"
79-->src\main\AndroidManifest.xml:79:13-61
80            android:screenOrientation="portrait" >
80-->src\main\AndroidManifest.xml:80:13-49
81        </activity>
82        <activity
82-->src\main\AndroidManifest.xml:83:9-87:20
83            android:name="com.lairdtech.lairdtoolkit.serialdevice.SerialActivity"
83-->src\main\AndroidManifest.xml:84:13-82
84            android:label="@string/title_activity_serial"
84-->src\main\AndroidManifest.xml:85:13-58
85            android:screenOrientation="portrait" >
85-->src\main\AndroidManifest.xml:86:13-49
86        </activity>
87        <activity
87-->src\main\AndroidManifest.xml:89:9-93:20
88            android:name="com.lairdtech.lairdtoolkit.otadevice.OTAActivity"
88-->src\main\AndroidManifest.xml:90:13-76
89            android:label="@string/title_activity_ota"
89-->src\main\AndroidManifest.xml:91:13-55
90            android:screenOrientation="portrait" >
90-->src\main\AndroidManifest.xml:92:13-49
91        </activity>
92        <activity
92-->src\main\AndroidManifest.xml:95:9-99:20
93            android:name="com.lairdtech.lairdtoolkit.batchdevice.BatchActivity"
93-->src\main\AndroidManifest.xml:96:13-80
94            android:label="@string/title_activity_batch"
94-->src\main\AndroidManifest.xml:97:13-57
95            android:screenOrientation="portrait" >
95-->src\main\AndroidManifest.xml:98:13-49
96        </activity>
97
98        <!--
99        ****************************
100        * Connections to multiple BLE devices
101        ****************************
102        -->
103        <activity
103-->src\main\AndroidManifest.xml:107:9-111:20
104            android:name="com.lairdtech.lairdtoolkit.heartratedevice.HeartRateMultipleConnectedDevicesActivity"
104-->src\main\AndroidManifest.xml:108:13-112
105            android:label="@string/title_activity_multiple_heart_rate_connected_devices"
105-->src\main\AndroidManifest.xml:109:13-89
106            android:screenOrientation="portrait" >
106-->src\main\AndroidManifest.xml:110:13-49
107        </activity>
108        <activity
108-->src\main\AndroidManifest.xml:113:9-117:20
109            android:name="com.lairdtech.lairdtoolkit.healththermometerdevice.ThermometerMultipleConnectedDevicesActivity"
109-->src\main\AndroidManifest.xml:114:13-122
110            android:label="@string/title_activity_multiple_thermometer_connected_devices"
110-->src\main\AndroidManifest.xml:115:13-90
111            android:screenOrientation="portrait" >
111-->src\main\AndroidManifest.xml:116:13-49
112        </activity>
113        <activity
113-->src\main\AndroidManifest.xml:119:9-123:20
114            android:name="com.lairdtech.lairdtoolkit.bloodpressuredevice.BloodPressureMultipleConnectedDevicesActivity"
114-->src\main\AndroidManifest.xml:120:13-120
115            android:label="@string/title_activity_multiple_blood_pressure_connected_devices"
115-->src\main\AndroidManifest.xml:121:13-93
116            android:screenOrientation="portrait" >
116-->src\main\AndroidManifest.xml:122:13-49
117        </activity>
118
119        <!--
120        ****************************
121        * Bluetooth Classic functionalities
122        ****************************
123        -->
124        <activity
124-->src\main\AndroidManifest.xml:131:9-135:20
125            android:name="com.lairdtech.lairdtoolkit.btc.sppdevice.SPPActivity"
125-->src\main\AndroidManifest.xml:132:13-80
126            android:label="@string/title_activity_spp"
126-->src\main\AndroidManifest.xml:133:13-55
127            android:screenOrientation="portrait" >
127-->src\main\AndroidManifest.xml:134:13-49
128        </activity>
129    </application>
130
131</manifest>